Array
(
    [DOCUMENT_ROOT] => C:\xampp\htdocs\onlysc\public
    [REMOTE_ADDR] => 127.0.0.1
    [REMOTE_PORT] => 60128
    [SERVER_SOFTWARE] => PHP 8.2.12 Development Server
    [SERVER_PROTOCOL] => HTTP/1.1
    [SERVER_NAME] => 127.0.0.1
    [SERVER_PORT] => 8000
    [REQUEST_URI] => /storage/images/marca_agua/lREcAH2Wv5rvk6Q4WAyr5hZ2rIg7WfcuGLKPlzIu.jpg
    [REQUEST_METHOD] => GET
    [SCRIPT_NAME] => /storage/images/marca_agua/lREcAH2Wv5rvk6Q4WAyr5hZ2rIg7WfcuGLKPlzIu.jpg
    [SCRIPT_FILENAME] => C:\xampp\htdocs\onlysc\vendor\laravel\framework\src\Illuminate\Foundation\Console/../resources/server.php
    [PHP_SELF] => /storage/images/marca_agua/lREcAH2Wv5rvk6Q4WAyr5hZ2rIg7WfcuGLKPlzIu.jpg
    [HTTP_HOST] => 127.0.0.1:8000
    [HTTP_CONNECTION] => keep-alive
    [HTTP_SEC_CH_UA_PLATFORM] => "Windows"
    [HTTP_USER_AGENT] => Mozilla/5.0 (Windows NT 10.0; Win64; x64) AppleWebKit/537.36 (KHTML, like Gecko) Chrome/132.0.0.0 Safari/537.36
    [HTTP_SEC_CH_UA] => "Not A(Brand";v="8", "Chromium";v="132", "Brave";v="132"
    [HTTP_SEC_CH_UA_MOBILE] => ?0
    [HTTP_ACCEPT] => image/avif,image/webp,image/apng,image/svg+xml,image/*,*/*;q=0.8
    [HTTP_SEC_GPC] => 1
    [HTTP_SEC_FETCH_SITE] => same-origin
    [HTTP_SEC_FETCH_MODE] => no-cors
    [HTTP_SEC_FETCH_DEST] => image
    [HTTP_REFERER] => http://127.0.0.1:8000/escorts-santiago
    [HTTP_ACCEPT_ENCODING] => gzip, deflate, br, zstd
    [HTTP_ACCEPT_LANGUAGE] => es-419,es;q=0.9
    [HTTP_COOKIE] => XSRF-TOKEN=eyJpdiI6IktWNC9pNUdRVk9WMTdMTDdubldoSHc9PSIsInZhbHVlIjoiQ0FpRXhBNWZiaFArWWpiQWQ4dDZhMGRyNkplVzZoMTROdmhQaGxTVHZNdGs3R1ZnSWxsUlZoV0NDU0EzTVE4MVJqU0dDWnR2dUJHMVpFV1VUclpUOFA2VnVuUTVibVdCVzJUNk9XSlFhaVdMcXFRMmQ3MytyWmxTeUxIWnA1SFciLCJtYWMiOiI2M2ZkMGRmYjA4NGJmZGQ5OGNjN2E0ZmFiNjVhZDg0NDAyYTM0YmEwYWZkMzQ4ZWZhMDRiYWQ1M2ZkNjJkNGVkIiwidGFnIjoiIn0%3D; laravel_session=eyJpdiI6IkprYytFbEFKNzN6VXR2UFRYSkgxS3c9PSIsInZhbHVlIjoiZHZ0dGJvaXlia0RqUFNlalc0TWt0TTQyN1o5RldjSldCV3E5dzBiRkRZN0N5WldLeGM0Y1h0S3l3VUNwcUNWRUs2dStFbUZEQVAzcEFPYXVvMHA1ZkpOM0lsNndxVEVzKzFLSzZSVDZvckxTZjVWWlhRRWV4aHNsTXoxd3ZDSTgiLCJtYWMiOiIyNzVlZDQ5NjI0YjQ5MWZjOGVlYzBiOTNhZmJkMDY2NzVjMGMyYThhZGEyZDI0MDFhZGZmODBiYTkwNGIzZmE4IiwidGFnIjoiIn0%3D
    [REQUEST_TIME_FLOAT] => 1737668264.0259
    [REQUEST_TIME] => 1737668264
)
